mode: set
github.com/StratoNET/bnb-bookings/internal/handlers/handlers.go:30.70,35.2 1 0
github.com/StratoNET/bnb-bookings/internal/handlers/handlers.go:38.57,43.2 1 1
github.com/StratoNET/bnb-bookings/internal/handlers/handlers.go:46.33,48.2 1 1
github.com/StratoNET/bnb-bookings/internal/handlers/handlers.go:51.68,53.2 1 1
github.com/StratoNET/bnb-bookings/internal/handlers/handlers.go:56.68,58.2 1 1
github.com/StratoNET/bnb-bookings/internal/handlers/handlers.go:61.65,63.2 1 1
github.com/StratoNET/bnb-bookings/internal/handlers/handlers.go:66.65,68.2 1 1
github.com/StratoNET/bnb-bookings/internal/handlers/handlers.go:71.75,73.2 1 1
github.com/StratoNET/bnb-bookings/internal/handlers/handlers.go:76.79,83.16 5 0
github.com/StratoNET/bnb-bookings/internal/handlers/handlers.go:87.2,88.16 2 0
github.com/StratoNET/bnb-bookings/internal/handlers/handlers.go:93.2,94.16 2 0
github.com/StratoNET/bnb-bookings/internal/handlers/handlers.go:99.2,99.21 1 0
github.com/StratoNET/bnb-bookings/internal/handlers/handlers.go:107.2,121.4 5 0
github.com/StratoNET/bnb-bookings/internal/handlers/handlers.go:83.16,86.3 2 0
github.com/StratoNET/bnb-bookings/internal/handlers/handlers.go:88.16,91.3 2 0
github.com/StratoNET/bnb-bookings/internal/handlers/handlers.go:94.16,97.3 2 0
github.com/StratoNET/bnb-bookings/internal/handlers/handlers.go:99.21,104.3 3 0
github.com/StratoNET/bnb-bookings/internal/handlers/handlers.go:134.84,142.16 5 0
github.com/StratoNET/bnb-bookings/internal/handlers/handlers.go:146.2,147.16 2 0
github.com/StratoNET/bnb-bookings/internal/handlers/handlers.go:151.2,152.16 2 0
github.com/StratoNET/bnb-bookings/internal/handlers/handlers.go:157.2,158.16 2 0
github.com/StratoNET/bnb-bookings/internal/handlers/handlers.go:163.2,172.16 3 0
github.com/StratoNET/bnb-bookings/internal/handlers/handlers.go:176.2,177.14 2 0
github.com/StratoNET/bnb-bookings/internal/handlers/handlers.go:142.16,145.3 2 0
github.com/StratoNET/bnb-bookings/internal/handlers/handlers.go:147.16,150.3 2 0
github.com/StratoNET/bnb-bookings/internal/handlers/handlers.go:152.16,155.3 2 0
github.com/StratoNET/bnb-bookings/internal/handlers/handlers.go:158.16,161.3 2 0
github.com/StratoNET/bnb-bookings/internal/handlers/handlers.go:172.16,175.3 2 0
github.com/StratoNET/bnb-bookings/internal/handlers/handlers.go:181.74,184.9 2 1
github.com/StratoNET/bnb-bookings/internal/handlers/handlers.go:191.2,192.16 2 1
github.com/StratoNET/bnb-bookings/internal/handlers/handlers.go:197.2,217.4 10 1
github.com/StratoNET/bnb-bookings/internal/handlers/handlers.go:184.9,188.3 3 1
github.com/StratoNET/bnb-bookings/internal/handlers/handlers.go:192.16,196.3 3 1
github.com/StratoNET/bnb-bookings/internal/handlers/handlers.go:221.78,224.9 2 1
github.com/StratoNET/bnb-bookings/internal/handlers/handlers.go:231.2,232.16 2 1
github.com/StratoNET/bnb-bookings/internal/handlers/handlers.go:238.2,254.23 11 1
github.com/StratoNET/bnb-bookings/internal/handlers/handlers.go:274.2,275.16 2 1
github.com/StratoNET/bnb-bookings/internal/handlers/handlers.go:282.2,291.16 3 1
github.com/StratoNET/bnb-bookings/internal/handlers/handlers.go:298.2,299.66 2 1
github.com/StratoNET/bnb-bookings/internal/handlers/handlers.go:224.9,228.3 3 0
github.com/StratoNET/bnb-bookings/internal/handlers/handlers.go:232.16,236.3 3 1
github.com/StratoNET/bnb-bookings/internal/handlers/handlers.go:254.23,271.3 9 0
github.com/StratoNET/bnb-bookings/internal/handlers/handlers.go:275.16,279.3 3 0
github.com/StratoNET/bnb-bookings/internal/handlers/handlers.go:291.16,295.3 3 0
github.com/StratoNET/bnb-bookings/internal/handlers/handlers.go:303.81,306.9 2 1
github.com/StratoNET/bnb-bookings/internal/handlers/handlers.go:313.2,329.4 9 0
github.com/StratoNET/bnb-bookings/internal/handlers/handlers.go:306.9,310.3 3 1
github.com/StratoNET/bnb-bookings/internal/handlers/handlers.go:333.73,336.16 2 0
github.com/StratoNET/bnb-bookings/internal/handlers/handlers.go:341.2,342.9 2 0
github.com/StratoNET/bnb-bookings/internal/handlers/handlers.go:347.2,349.63 3 0
github.com/StratoNET/bnb-bookings/internal/handlers/handlers.go:336.16,339.3 2 0
github.com/StratoNET/bnb-bookings/internal/handlers/handlers.go:342.9,345.3 2 0
github.com/StratoNET/bnb-bookings/internal/handlers/handlers.go:354.70,356.2 1 1
github.com/StratoNET/bnb-bookings/internal/handlers/handlers.go:359.74,362.16 2 0
github.com/StratoNET/bnb-bookings/internal/handlers/handlers.go:366.2,372.16 5 0
github.com/StratoNET/bnb-bookings/internal/handlers/handlers.go:376.2,377.16 2 0
github.com/StratoNET/bnb-bookings/internal/handlers/handlers.go:383.2,387.16 3 0
github.com/StratoNET/bnb-bookings/internal/handlers/handlers.go:393.2,400.63 6 0
github.com/StratoNET/bnb-bookings/internal/handlers/handlers.go:362.16,365.3 2 0
github.com/StratoNET/bnb-bookings/internal/handlers/handlers.go:372.16,375.3 2 0
github.com/StratoNET/bnb-bookings/internal/handlers/handlers.go:377.16,380.3 2 0
github.com/StratoNET/bnb-bookings/internal/handlers/handlers.go:387.16,390.3 2 0
